<?xml version="1.0" encoding="UTF-8"?>
<coverage generated="1636369872">
  <project timestamp="1636369872">
    <package name="Projects\Maths">
      <file name="/Users/macmini/gitRepo/phpunit-circle-ci-coverage-example/app/Classes/Calculator.php">
        <class name="Projects\Maths\Calculator" namespace="Projects\Maths">
          <metrics complexity="5" methods="4" coveredmethods="4" conditionals="0" coveredconditionals="0" statements="6" coveredstatements="6" elements="10" coveredelements="10"/>
        </class>
        <line num="18" type="method" name="add" visibility="public" complexity="1" crap="1" count="1"/>
        <line num="20" type="stmt" count="1"/>
        <line num="31" type="method" name="multiply" visibility="public" complexity="1" crap="1" count="1"/>
        <line num="33" type="stmt" count="1"/>
        <line num="44" type="method" name="subtract" visibility="public" complexity="1" crap="1" count="1"/>
        <line num="46" type="stmt" count="1"/>
        <line num="57" type="method" name="divide" visibility="public" complexity="2" crap="2" count="2"/>
        <line num="59" type="stmt" count="2"/>
        <line num="60" type="stmt" count="1"/>
        <line num="62" type="stmt" count="1"/>
        <metrics loc="64" ncloc="29" classes="1" methods="4" coveredmethods="4" conditionals="0" coveredconditionals="0" statements="6" coveredstatements="6" elements="10" coveredelements="10"/>
      </file>
    </package>
    <metrics files="1" loc="64" ncloc="29" classes="1" methods="4" coveredmethods="4" conditionals="0" coveredconditionals="0" statements="6" coveredstatements="6" elements="10" coveredelements="10"/>
  </project>
</coverage>
